# JRE version: Java(TM) SE Runtime Environment (8.0_121-b13) (build 1.8.0_121-b13)
# Java VM: Java HotSpot(TM) 64-Bit Server VM (25.121-b13 mixed mode windows-amd64 compressed oops)
Heap:
 PSYoungGen      total 249344K, used 90637K [0x00000000e0000000, 0x00000000f3380000, 0x0000000100000000)
  eden space 208896K, 43% used [0x00000000e0000000,0x00000000e58837a0,0x00000000ecc00000)
  from space 40448K, 0% used [0x00000000efa00000,0x00000000efa00000,0x00000000f2180000)
  to   space 47104K, 0% used [0x00000000ecc00000,0x00000000ecc00000,0x00000000efa00000)
 ParOldGen       total 91136K, used 59161K [0x00000000a0000000, 0x00000000a5900000, 0x00000000e0000000)
  object space 91136K, 64% used [0x00000000a0000000,0x00000000a39c6510,0x00000000a5900000)
 Metaspace       used 59139K, capacity 60992K, committed 61272K, reserved 1101824K
  class space    used 7839K, capacity 8221K, committed 8280K, reserved 1048576K
GC Heap History (10 events):
Event: 29.378 GC heap before
{Heap before GC invocations=17 (full 2):
 PSYoungGen      total 169472K, used 169461K [0x00000000e0000000, 0x00000000edf80000, 0x0000000100000000)
  eden space 145408K, 100% used [0x00000000e0000000,0x00000000e8e00000,0x00000000e8e00000)
  from space 24064K, 99% used [0x00000000eac80000,0x00000000ec3fd5b0,0x00000000ec400000)
  to   space 31232K, 0% used [0x00000000e8e00000,0x00000000e8e00000,0x00000000eac80000)
 ParOldGen       total 91136K, used 45068K [0x00000000a0000000, 0x00000000a5900000, 0x00000000e0000000)
  object space 91136K, 49% used [0x00000000a0000000,0x00000000a2c03100,0x00000000a5900000)
 Metaspace       used 53646K, capacity 55142K, committed 55256K, reserved 1097728K
  class space    used 7270K, capacity 7612K, committed 7640K, reserved 1048576K
Event: 29.457 GC heap after
Heap after GC invocations=17 (full 2):
 PSYoungGen      total 176640K, used 31222K [0x00000000e0000000, 0x00000000f2180000, 0x0000000100000000)
  eden space 145408K, 0% used [0x00000000e0000000,0x00000000e0000000,0x00000000e8e00000)
  from space 31232K, 99% used [0x00000000e8e00000,0x00000000eac7d988,0x00000000eac80000)
  to   space 40448K, 0% used [0x00000000efa00000,0x00000000efa00000,0x00000000f2180000)
 ParOldGen       total 91136K, used 57195K [0x00000000a0000000, 0x00000000a5900000, 0x00000000e0000000)
  object space 91136K, 62% used [0x00000000a0000000,0x00000000a37dac30,0x00000000a5900000)
 Metaspace       used 53646K, capacity 55142K, committed 55256K, reserved 1097728K
  class space    used 7270K, capacity 7612K, committed 7640K, reserved 1048576K
}
Event: 30.108 GC heap before
{Heap before GC invocations=18 (full 2):
 PSYoungGen      total 176640K, used 176630K [0x00000000e0000000, 0x00000000f2180000, 0x0000000100000000)
  eden space 145408K, 100% used [0x00000000e0000000,0x00000000e8e00000,0x00000000e8e00000)
  from space 31232K, 99% used [0x00000000e8e00000,0x00000000eac7d988,0x00000000eac80000)
  to   space 40448K, 0% used [0x00000000efa00000,0x00000000efa00000,0x00000000f2180000)
 ParOldGen       total 91136K, used 57195K [0x00000000a0000000, 0x00000000a5900000, 0x00000000e0000000)
  object space 91136K, 62% used [0x00000000a0000000,0x00000000a37dac30,0x00000000a5900000)
 Metaspace       used 53670K, capacity 55142K, committed 55256K, reserved 1097728K
  class space    used 7270K, capacity 7612K, committed 7640K, reserved 1048576K
Event: 30.220 GC heap after
Heap after GC invocations=18 (full 2):
 PSYoungGen      total 249344K, used 39645K [0x00000000e0000000, 0x00000000f3380000, 0x0000000100000000)
  eden space 208896K, 0% used [0x00000000e0000000,0x00000000e0000000,0x00000000ecc00000)
  from space 40448K, 98% used [0x00000000efa00000,0x00000000f20b7678,0x00000000f2180000)
  to   space 47104K, 0% used [0x00000000ecc00000,0x00000000ecc00000,0x00000000efa00000)
 ParOldGen       total 91136K, used 65537K [0x00000000a0000000, 0x00000000a5900000, 0x00000000e0000000)
  object space 91136K, 71% used [0x00000000a0000000,0x00000000a40005f0,0x00000000a5900000)
 Metaspace       used 53670K, capacity 55142K, committed 55256K, reserved 1097728K
  class space    used 7270K, capacity 7612K, committed 7640K, reserved 1048576K
}
Event: 32.980 GC heap before
{Heap before GC invocations=19 (full 2):
 PSYoungGen      total 249344K, used 248541K [0x00000000e0000000, 0x00000000f3380000, 0x0000000100000000)
  eden space 208896K, 100% used [0x00000000e0000000,0x00000000ecc00000,0x00000000ecc00000)
  from space 40448K, 98% used [0x00000000efa00000,0x00000000f20b7678,0x00000000f2180000)
  to   space 47104K, 0% used [0x00000000ecc00000,0x00000000ecc00000,0x00000000efa00000)
 ParOldGen       total 91136K, used 65537K [0x00000000a0000000, 0x00000000a5900000, 0x00000000e0000000)
  object space 91136K, 71% used [0x00000000a0000000,0x00000000a40005f0,0x00000000a5900000)
 Metaspace       used 54895K, capacity 56392K, committed 56664K, reserved 1097728K
  class space    used 7370K, capacity 7709K, committed 7768K, reserved 1048576K
Event: 33.087 GC heap after
Heap after GC invocations=19 (full 2):
 PSYoungGen      total 256000K, used 40907K [0x00000000e0000000, 0x00000000f3380000, 0x0000000100000000)
  eden space 208896K, 0% used [0x00000000e0000000,0x00000000e0000000,0x00000000ecc00000)
  from space 47104K, 86% used [0x00000000ecc00000,0x00000000ef3f2d18,0x00000000efa00000)
  to   space 40448K, 0% used [0x00000000efa00000,0x00000000efa00000,0x00000000f2180000)
 ParOldGen       total 91136K, used 73103K [0x00000000a0000000, 0x00000000a5900000, 0x00000000e0000000)
  object space 91136K, 80% used [0x00000000a0000000,0x00000000a4763db0,0x00000000a5900000)
 Metaspace       used 54895K, capacity 56392K, committed 56664K, reserved 1097728K
  class space    used 7370K, capacity 7709K, committed 7768K, reserved 1048576K
}
Event: 37.964 GC heap before
{Heap before GC invocations=20 (full 2):
 PSYoungGen      total 256000K, used 249299K [0x00000000e0000000, 0x00000000f3380000, 0x0000000100000000)
  eden space 208896K, 99% used [0x00000000e0000000,0x00000000ecb822b0,0x00000000ecc00000)
  from space 47104K, 86% used [0x00000000ecc00000,0x00000000ef3f2d18,0x00000000efa00000)
  to   space 40448K, 0% used [0x00000000efa00000,0x00000000efa00000,0x00000000f2180000)
 ParOldGen       total 91136K, used 73103K [0x00000000a0000000, 0x00000000a5900000, 0x00000000e0000000)
  object space 91136K, 80% used [0x00000000a0000000,0x00000000a4763db0,0x00000000a5900000)
 Metaspace       used 56964K, capacity 58664K, committed 58840K, reserved 1099776K
  class space    used 7669K, capacity 8059K, committed 8152K, reserved 1048576K
Event: 38.022 GC heap after
Heap after GC invocations=20 (full 2):
 PSYoungGen      total 249344K, used 30493K [0x00000000e0000000, 0x00000000f3380000, 0x0000000100000000)
  eden space 208896K, 0% used [0x00000000e0000000,0x00000000e0000000,0x00000000ecc00000)
  from space 40448K, 75% used [0x00000000efa00000,0x00000000f17c7710,0x00000000f2180000)
  to   space 47104K, 0% used [0x00000000ecc00000,0x00000000ecc00000,0x00000000efa00000)
 ParOldGen       total 91136K, used 84747K [0x00000000a0000000, 0x00000000a5900000, 0x00000000e0000000)
  object space 91136K, 92% used [0x00000000a0000000,0x00000000a52c2fe8,0x00000000a5900000)
 Metaspace       used 56964K, capacity 58664K, committed 58840K, reserved 1099776K
  class space    used 7669K, capacity 8059K, committed 8152K, reserved 1048576K
}
Event: 38.022 GC heap before
{Heap before GC invocations=21 (full 3):
 PSYoungGen      total 249344K, used 30493K [0x00000000e0000000, 0x00000000f3380000, 0x0000000100000000)
  eden space 208896K, 0% used [0x00000000e0000000,0x00000000e0000000,0x00000000ecc00000)
  from space 40448K, 75% used [0x00000000efa00000,0x00000000f17c7710,0x00000000f2180000)
  to   space 47104K, 0% used [0x00000000ecc00000,0x00000000ecc00000,0x00000000efa00000)
 ParOldGen       total 91136K, used 84747K [0x00000000a0000000, 0x00000000a5900000, 0x00000000e0000000)
  object space 91136K, 92% used [0x00000000a0000000,0x00000000a52c2fe8,0x00000000a5900000)
 Metaspace       used 56964K, capacity 58664K, committed 58840K, reserved 1099776K
  class space    used 7669K, capacity 8059K, committed 8152K, reserved 1048576K
Event: 38.514 GC heap after
Heap after GC invocations=21 (full 3):
 PSYoungGen      total 249344K, used 0K [0x00000000e0000000, 0x00000000f3380000, 0x0000000100000000)
  eden space 208896K, 0% used [0x00000000e0000000,0x00000000e0000000,0x00000000ecc00000)
  from space 40448K, 0% used [0x00000000efa00000,0x00000000efa00000,0x00000000f2180000)
  to   space 47104K, 0% used [0x00000000ecc00000,0x00000000ecc00000,0x00000000efa00000)
 ParOldGen       total 91136K, used 59161K [0x00000000a0000000, 0x00000000a5900000, 0x00000000e0000000)
  object space 91136K, 64% used [0x00000000a0000000,0x00000000a39c6510,0x00000000a5900000)
 Metaspace       used 56964K, capacity 58664K, committed 58840K, reserved 1099776K
  class space    used 7669K, capacity 8059K, committed 8152K, reserved 1048576K
}

